<?xml version="1.0" encoding="UTF-8"?>
<testsuite xmlns:xsi="http://www.w3.org/2001/XMLSchema-instance" xsi:noNamespaceSchemaLocation="https://maven.apache.org/surefire/maven-surefire-plugin/xsd/surefire-test-report-3.0.xsd" version="3.0" name="com.restful.tests.BookingTests" time="8.067" tests="2" errors="0" skipped="0" failures="0">
  <properties>
[...]
</properties>
  <testcase name="ShouldBeAbleToCreteABooking" classname="com.restful.tests.BookingTests" time="5.408">
    <system-out><![CDATA[HTTP/1.1 200 OK
Server: Cowboy
Report-To: {"group":"heroku-nel","max_age":3600,"endpoints":[{"url":"https://nel.heroku.com/reports?ts=1696915545&sid=c46efe9b-d3d2-4a0c-8c76-bfafa16c5add&s=APKb%2FB5j%2BpMVhXauncOaKNRnPpNuRqZrnSxu8tziNB0%3D"}]}
Reporting-Endpoints: heroku-nel=https://nel.heroku.com/reports?ts=1696915545&sid=c46efe9b-d3d2-4a0c-8c76-bfafa16c5add&s=APKb%2FB5j%2BpMVhXauncOaKNRnPpNuRqZrnSxu8tziNB0%3D
Nel: {"report_to":"heroku-nel","max_age":3600,"success_fraction":0.005,"failure_fraction":0.05,"response_headers":["Via"]}
Connection: keep-alive
X-Powered-By: Express
Content-Type: application/json; charset=utf-8
Content-Length: 200
Etag: W/"c8-F8/YcQGm8+w1MA5YcV+xMDLr6GE"
Date: Tue, 10 Oct 2023 05:25:47 GMT
Via: 1.1 vegur

{
    "bookingid": 7251,
    "booking": {
        "firstname": "Ahmet",
        "lastname": "Ismail",
        "totalprice": 111,
        "depositpaid": true,
        "bookingdates": {
            "checkin": "2020-01-01",
            "checkout": "2020-01-02"
        },
        "additionalneeds": "Breakfast"
    }
}
]]></system-out>
    <system-err><![CDATA[SLF4J: Failed to load class "org.slf4j.impl.StaticLoggerBinder".
SLF4J: Defaulting to no-operation (NOP) logger implementation
SLF4J: See http://www.slf4j.org/codes.html#StaticLoggerBinder for further details.
]]></system-err>
  </testcase>
  <testcase name="ShouldBeAbleToGetBookingWithID" classname="com.restful.tests.BookingTests" time="2.149">
    <system-out><![CDATA[Pahalı tatil
]]></system-out>
  </testcase>
</testsuite>